{:file ../../etc/data/auto93.csv :Sample 512.0 :min 0.5 :seed 937162211.0 :dump False :p 2.0 :go all :help False :Far 0.95}
✅ pass: the
✅ pass: sym
✅ pass: num
✅ pass: data
✅ pass: clone
0 0 [8.0, 304.0, 193.0, 4732.0, 18.5, 70.0, 1.0, 10.0]
0 0.0 [8.0, 304.0, 193.0, 4732.0, 18.5, 70.0, 1.0, 10.0]
50 0.0 [8.0, 304.0, 150.0, 4257.0, 15.5, 74.0, 1.0, 10.0]
100 0.0 [8.0, 318.0, 140.0, 4080.0, 13.7, 78.0, 1.0, 20.0]
150 0.0 [6.0, 200.0, 88.0, 3060.0, 17.1, 81.0, 1.0, 20.0]
200 0.0 [4.0, 140.0, 72.0, 2565.0, 13.6, 76.0, 1.0, 30.0]
250 0.45 [3.0, 70.0, 97.0, 2330.0, 13.5, 72.0, 3.0, 20.0]
300 0.45 [4.0, 98.0, 90.0, 2265.0, 15.5, 73.0, 2.0, 30.0]
350 0.45 [4.0, 144.0, 96.0, 2665.0, 13.9, 82.0, 3.0, 30.0]
✅ pass: around
200 198 398
[4.0, 90.0, 71.0, 2223.0, 16.5, 75.0, 2.0, 30.0] 0.4472135954999579
[6.0, 225.0, 110.0, 3620.0, 18.7, 78.0, 1.0, 20.0]
[4.0, 86.0, 65.0, 2110.0, 17.9, 80.0, 3.0, 50.0]
✅ pass: half
398{:Mpg+ 23.8 :Lbs- 2970.4 :Acc+ 15.6}
| 200
| | 101
| | | 51
| | | | 26{:Lbs- 4502.5 :Acc+ 12.9 :Mpg+ 10.0}
| | | | 25{:Acc+ 12.5 :Mpg+ 10.0 :Lbs- 4109.8}
| | | 50
| | | | 26{:Mpg+ 19.2 :Lbs- 3867.4 :Acc+ 13.6}
| | | | 24{:Mpg+ 20.0 :Acc+ 14.5 :Lbs- 3978.3}
| | 99
| | | 50
| | | | 26{:Acc+ 15.3 :Lbs- 3339.9 :Mpg+ 20.0}
| | | | 24{:Lbs- 3220.9 :Acc+ 16.4 :Mpg+ 20.0}
| | | 49
| | | | 25{:Mpg+ 20.0 :Acc+ 16.2 :Lbs- 2905.9}
| | | | 24{:Lbs- 2696.5 :Acc+ 17.1 :Mpg+ 25.4}
| 198
| | 100
| | | 51
| | | | 26{:Mpg+ 29.2 :Acc+ 16.4 :Lbs- 2650.2}
| | | | 25{:Lbs- 2323.9 :Mpg+ 31.6 :Acc+ 15.7}
| | | 49
| | | | 25{:Lbs- 2702.2 :Acc+ 16.3 :Mpg+ 22.4}
| | | | 24{:Mpg+ 30.4 :Lbs- 2159.3 :Acc+ 16.6}
| | 98
| | | 50
| | | | 26{:Lbs- 2335.7 :Acc+ 16.8 :Mpg+ 31.2}
| | | | 24{:Lbs- 2399.7 :Acc+ 15.1 :Mpg+ 25.4}
| | | 48
| | | | 25{:Mpg+ 30.0 :Lbs- 2150.2 :Acc+ 17.1}
| | | | 23{:Mpg+ 38.3 :Lbs- 2018.4 :Acc+ 16.6}
✅ pass: cluster
398{:Mpg+ 23.8 :Lbs- 2970.4 :Acc+ 15.6}
| 200
| | 101
| | | 51
| | | | 26{:Lbs- 4502.5 :Acc+ 12.9 :Mpg+ 10.0}
✅ pass: optimize
