{'dump': False, 'file': '../../etc/data/my_repgrid3.csv', 'go': 'all', 'help': False, 'p': 2.0, 'seed': 937162211.0}
✅ pass: the
b4 {'a': 1, 'b': {'c': 2, 'd': 3}}
after {'a': 1, 'b': {'c': 2, 'd': 10000}}
✅ pass: copy
✅ pass: sym
✅ pass: num
{'at': 0, 'hi': 4, 'id': 140442853813504, 'lo': 1, 'm2': 6.833333333333333, 'mu': 2.8333333333333335, 'n': 6, 'txt': 'Num1', 'w': 1}
{'at': 1, 'hi': 5, 'id': 140442853813952, 'lo': 1, 'm2': 9.5, 'mu': 2.5, 'n': 6, 'txt': 'Num2', 'w': 1}
{'at': 2, 'hi': 5, 'id': 140442853814400, 'lo': 1, 'm2': 10.833333333333336, 'mu': 2.8333333333333335, 'n': 6, 'txt': 'Num3', 'w': 1}
{'at': 3, 'hi': 4, 'id': 140442853813312, 'lo': 2, 'm2': 4.0, 'mu': 3.0, 'n': 6, 'txt': 'Num4', 'w': 1}
{'at': 4, 'hi': 5, 'id': 140442853815040, 'lo': 3, 'm2': 2.833333333333333, 'mu': 3.833333333333333, 'n': 6, 'txt': 'Num5', 'w': 1}
{'at': 5, 'hi': 4, 'id': 140442853902144, 'lo': 2, 'm2': 2.8333333333333335, 'mu': 2.8333333333333335, 'n': 6, 'txt': 'Num6', 'w': 1}
{'at': 6, 'hi': 5, 'id': 140442853902528, 'lo': 2, 'm2': 8.0, 'mu': 3.0, 'n': 6, 'txt': 'Num7', 'w': 1}
{'at': 7, 'hi': 4, 'id': 140442853812416, 'lo': 2, 'm2': 2.8333333333333335, 'mu': 2.8333333333333335, 'n': 6, 'txt': 'Num8', 'w': 1}
{'at': 8, 'hi': 4, 'id': 140442853807680, 'lo': 1, 'm2': 13.5, 'mu': 2.5, 'n': 6, 'txt': 'Num9', 'w': 1}
{'at': 9, 'has': {}, 'id': 140442854680192, 'mode': None, 'most': 0, 'n': 0, 'txt': 'thingX'}
{'cells': [3, 2, 4, 2, 4, 2, 2, 2, 4, 'Short Episode:Long Episode'], 'id': 140442853810368}
{'cells': [2, 3, 3, 4, 4, 4, 5, 4, 1, 'Sad:Happy'], 'id': 140442853811072}
{'cells': [3, 5, 5, 3, 3, 3, 3, 3, 1, 'Fake:Real'], 'id': 140442853811392}
{'cells': [4, 2, 2, 2, 3, 3, 2, 3, 4, 'Not Concerning:Concerning'], 'id': 140442853901568}
{'cells': [1, 2, 2, 4, 5, 3, 4, 3, 1, 'No Comedy:Comedy'], 'id': 140442853902400}
{'cells': [4, 1, 1, 3, 4, 2, 2, 2, 4, 'No connection:Connection to prev seasons'], 'id': 140442853902464}
✅ pass: repcols
70
|..35
|..|..Not Concerning:Concerning
|..|..33
|..|..|..No connection:Connection to prev seasons
|..|..|..Short Episode:Long Episode
|..57
|..|..No Comedy:Comedy
|..|..48
|..|..|..Fake:Real
|..|..|..Sad:Happy
✅ pass: synonymns
{'at': 0, 'hi': 4, 'id': 140442853909696, 'lo': 2, 'm2': 7.555555555555557, 'mu': 2.7777777777777777, 'n': 9, 'txt': 'Short Episode:Long Episode', 'w': 1}
{'at': 1, 'hi': 5, 'id': 140442853909568, 'lo': 1, 'm2': 12.0, 'mu': 3.3333333333333335, 'n': 9, 'txt': 'Sad:Happy', 'w': 1}
{'at': 2, 'hi': 5, 'id': 140442853909504, 'lo': 1, 'm2': 11.555555555555554, 'mu': 3.2222222222222223, 'n': 9, 'txt': 'Fake:Real', 'w': 1}
{'at': 3, 'hi': 4, 'id': 140442853909824, 'lo': 2, 'm2': 5.555555555555556, 'mu': 2.7777777777777777, 'n': 9, 'txt': 'Not Concerning:Concerning', 'w': 1}
{'at': 4, 'hi': 5, 'id': 140442853907520, 'lo': 1, 'm2': 15.555555555555555, 'mu': 2.7777777777777772, 'n': 9, 'txt': 'No Comedy:Comedy', 'w': 1}
{'at': 5, 'hi': 4, 'id': 140442853907904, 'lo': 1, 'm2': 12.222222222222221, 'mu': 2.5555555555555554, 'n': 9, 'txt': 'No connection:Connection to prev seasons', 'w': 1}
{'at': 6, 'has': {}, 'id': 140442853907840, 'mode': None, 'most': 0, 'n': 0, 'txt': 'thingX'}
{'cells': [3, 2, 3, 4, 1, 4, 'You'], 'id': 140442853907584}
{'cells': [2, 3, 5, 2, 2, 1, 'The Bachelor'], 'id': 140442853908096}
{'cells': [4, 3, 5, 2, 2, 1, 'Love is Blind'], 'id': 140442853908032}
{'cells': [2, 4, 3, 2, 4, 3, 'Trailer Park Boys'], 'id': 140442853908160}
{'cells': [4, 4, 3, 3, 5, 4, 'East Bound & Down'], 'id': 140442853908224}
{'cells': [2, 4, 3, 3, 3, 2, 'New Girl'], 'id': 140442853908416}
{'cells': [2, 5, 3, 2, 4, 2, 'The Office'], 'id': 140442853908480}
{'cells': [2, 4, 3, 3, 3, 2, 'Parks & Rec'], 'id': 140442853908544}
{'cells': [4, 1, 1, 4, 1, 4, 'The Haunting of Hill House'], 'id': 140442853908608}
✅ pass: reprows
76
|..41
|..|..17
|..|..|..Trailer Park Boys
|..|..|..The Office
|..|..35
|..|..|..The Bachelor
|..|..|..New Girl
|..74
|..|..31
|..|..|..The Haunting of Hill House
|..|..|..You
|..|..60
|..|..|..Love is Blind
|..|..|..53
|..|..|..|..East Bound & Down
|..|..|..|..Parks & Rec
✅ pass: prototypes

A You
B The Bachelor
C Love is Blind
D Trailer Park Boys
E East Bound & Down
F New Girl
G The Office
H Parks & Rec
I The Haunting of Hill House

[' ', ' ', ' ', ' ', ' ', ' ', ' ', ' ', ' ', ' ', ' ', ' ', ' ', ' ', ' ', ' ', ' ', ' ', ' ', ' ', ' ']
[' ', 'D', ' ', ' ', ' ', ' ', ' ', ' ', ' ', ' ', ' ', ' ', ' ', ' ', ' ', ' ', 'I', ' ', ' ', ' ', ' ']
[' ', ' ', ' ', ' ', ' ', ' ', ' ', ' ', ' ', ' ', ' ', ' ', ' ', ' ', ' ', ' ', ' ', ' ', ' ', ' ', ' ']
[' ', ' ', ' ', ' ', ' ', ' ', ' ', ' ', ' ', ' ', ' ', ' ', ' ', ' ', ' ', ' ', ' ', ' ', ' ', ' ', ' ']
[' ', 'G', ' ', ' ', ' ', ' ', ' ', ' ', ' ', ' ', ' ', ' ', ' ', ' ', ' ', ' ', ' ', ' ', ' ', ' ', ' ']
[' ', ' ', ' ', 'H', ' ', ' ', ' ', ' ', ' ', ' ', ' ', ' ', 'A', ' ', ' ', ' ', ' ', ' ', ' ', ' ', ' ']
[' ', ' ', ' ', ' ', ' ', ' ', ' ', ' ', ' ', ' ', ' ', ' ', ' ', ' ', ' ', ' ', ' ', ' ', ' ', ' ', ' ']
[' ', ' ', ' ', ' ', ' ', ' ', ' ', ' ', ' ', ' ', ' ', ' ', ' ', ' ', ' ', ' ', ' ', ' ', ' ', ' ', ' ']
[' ', ' ', ' ', ' ', ' ', ' ', ' ', 'E', ' ', ' ', ' ', ' ', ' ', ' ', ' ', ' ', ' ', ' ', ' ', ' ', ' ']
[' ', 'B', ' ', ' ', ' ', ' ', ' ', ' ', ' ', ' ', ' ', ' ', ' ', ' ', ' ', ' ', ' ', ' ', ' ', ' ', ' ']
[' ', ' ', ' ', ' ', ' ', ' ', ' ', ' ', ' ', ' ', ' ', ' ', ' ', ' ', ' ', ' ', ' ', ' ', ' ', ' ', ' ']
✅ pass: position
84
|..38
|..|..17
|..|..|..The Office
|..|..|..Trailer Park Boys
|..|..35
|..|..|..The Bachelor
|..|..|..New Girl
|..74
|..|..31
|..|..|..The Haunting of Hill House
|..|..|..You
|..|..60
|..|..|..Love is Blind
|..|..|..53
|..|..|..|..East Bound & Down
|..|..|..|..Parks & Rec
76
|..48
|..|..Sad:Happy
|..|..57
|..|..|..Fake:Real
|..|..|..No Comedy:Comedy
|..35
|..|..Short Episode:Long Episode
|..|..35
|..|..|..Not Concerning:Concerning
|..|..|..No connection:Connection to prev seasons

A You
B The Bachelor
C Love is Blind
D Trailer Park Boys
E East Bound & Down
F New Girl
G The Office
H Parks & Rec
I The Haunting of Hill House

[' ', ' ', ' ', ' ', ' ', ' ', ' ', ' ', ' ', ' ', ' ', ' ', ' ', ' ', ' ', ' ', ' ', ' ', ' ', ' ', ' ']
[' ', 'G', ' ', ' ', ' ', ' ', ' ', ' ', ' ', ' ', ' ', ' ', ' ', ' ', ' ', ' ', ' ', 'I', ' ', ' ', ' ']
[' ', ' ', ' ', ' ', ' ', ' ', ' ', ' ', ' ', ' ', ' ', ' ', ' ', ' ', ' ', ' ', ' ', ' ', ' ', ' ', ' ']
[' ', ' ', 'D', ' ', ' ', ' ', ' ', ' ', ' ', ' ', ' ', ' ', ' ', ' ', ' ', ' ', ' ', ' ', ' ', ' ', ' ']
[' ', ' ', ' ', ' ', 'H', ' ', ' ', ' ', ' ', ' ', ' ', ' ', ' ', ' ', ' ', ' ', ' ', ' ', ' ', ' ', ' ']
[' ', ' ', ' ', ' ', ' ', ' ', ' ', ' ', ' ', ' ', ' ', ' ', ' ', 'A', ' ', ' ', ' ', ' ', ' ', ' ', ' ']
[' ', ' ', ' ', ' ', ' ', ' ', ' ', ' ', ' ', ' ', ' ', ' ', ' ', ' ', ' ', ' ', ' ', ' ', ' ', ' ', ' ']
[' ', ' ', ' ', ' ', ' ', ' ', ' ', ' ', ' ', ' ', ' ', ' ', ' ', ' ', ' ', ' ', ' ', ' ', ' ', ' ', ' ']
[' ', ' ', 'B', ' ', ' ', ' ', ' ', ' ', 'E', ' ', ' ', ' ', ' ', ' ', ' ', ' ', ' ', ' ', ' ', ' ', ' ']
[' ', ' ', ' ', ' ', ' ', ' ', ' ', ' ', ' ', ' ', ' ', ' ', ' ', ' ', ' ', ' ', ' ', ' ', ' ', ' ', ' ']
✅ pass: every
