{'dump': False, 'file': '../../etc/data/my_repgrid2.csv', 'go': 'all', 'help': False, 'p': 2.0, 'seed': 937162211.0}
✅ pass: the
b4 {'a': 1, 'b': {'c': 2, 'd': 3}}
after {'a': 1, 'b': {'c': 2, 'd': 10000}}
✅ pass: copy
✅ pass: sym
✅ pass: num
{'at': 0, 'hi': 4, 'id': 139671038946304, 'lo': 2, 'm2': 3.333333333333333, 'mu': 3.333333333333333, 'n': 6, 'txt': 'Num1', 'w': 1}
{'at': 1, 'hi': 5, 'id': 139671038946752, 'lo': 1, 'm2': 9.333333333333334, 'mu': 2.6666666666666665, 'n': 6, 'txt': 'Num2', 'w': 1}
{'at': 2, 'hi': 4, 'id': 139671038947200, 'lo': 2, 'm2': 2.833333333333333, 'mu': 2.833333333333333, 'n': 6, 'txt': 'Num3', 'w': 1}
{'at': 3, 'hi': 5, 'id': 139671038946112, 'lo': 2, 'm2': 6.833333333333333, 'mu': 4.166666666666667, 'n': 6, 'txt': 'Num4', 'w': 1}
{'at': 4, 'hi': 5, 'id': 139671038947840, 'lo': 1, 'm2': 14.0, 'mu': 4.0, 'n': 6, 'txt': 'Num5', 'w': 1}
{'at': 5, 'hi': 5, 'id': 139671039034752, 'lo': 2, 'm2': 5.5, 'mu': 3.5, 'n': 6, 'txt': 'Num6', 'w': 1}
{'at': 6, 'has': {}, 'id': 139671039035136, 'mode': None, 'most': 0, 'n': 0, 'txt': 'thingX'}
{'cells': [4, 3, 3, 4, 5, 3, 'Mini Series:Long Running'], 'id': 139671038940608}
{'cells': [4, 3, 4, 4, 5, 4, 'Short Episode:Long Episode'], 'id': 139671039796864}
{'cells': [3, 2, 3, 5, 3, 4, 'Fake:Real'], 'id': 139671038942976}
{'cells': [4, 1, 2, 5, 5, 5, 'Dark:Happy'], 'id': 139671038943232}
{'cells': [2, 5, 2, 2, 1, 3, 'Short time between seasons:Long time between seasons'], 'id': 139671038943936}
{'cells': [3, 2, 3, 5, 5, 2, 'Low Budget:High Budget'], 'id': 139671038944256}
✅ pass: repcols
86
|..50
|..|..Dark:Happy
|..|..25
|..|..|..Short Episode:Long Episode
|..|..|..Mini Series:Long Running
|..73
|..|..Short time between seasons:Long time between seasons
|..|..34
|..|..|..Low Budget:High Budget
|..|..|..Fake:Real
✅ pass: synonymns
{'at': 0, 'hi': 5, 'id': 139671039042496, 'lo': 3, 'm2': 3.3333333333333335, 'mu': 3.6666666666666665, 'n': 6, 'txt': 'Mini Series:Long Running', 'w': 1}
{'at': 1, 'hi': 5, 'id': 139671039042816, 'lo': 3, 'm2': 2.0, 'mu': 4.0, 'n': 6, 'txt': 'Short Episode:Long Episode', 'w': 1}
{'at': 2, 'hi': 5, 'id': 139671039042880, 'lo': 2, 'm2': 5.333333333333334, 'mu': 3.3333333333333335, 'n': 6, 'txt': 'Fake:Real', 'w': 1}
{'at': 3, 'hi': 5, 'id': 139671039042624, 'lo': 1, 'm2': 15.333333333333332, 'mu': 3.6666666666666665, 'n': 6, 'txt': 'Dark:Happy', 'w': 1}
{'at': 4, 'hi': 5, 'id': 139671039033728, 'lo': 1, 'm2': 9.5, 'mu': 2.5, 'n': 6, 'txt': 'Short time between seasons:Long time between seasons', 'w': 1}
{'at': 5, 'hi': 5, 'id': 139671039042944, 'lo': 2, 'm2': 9.333333333333336, 'mu': 3.3333333333333335, 'n': 6, 'txt': 'Low Budget:High Budget', 'w': 1}
{'at': 6, 'has': {}, 'id': 139671039041344, 'mode': None, 'most': 0, 'n': 0, 'txt': 'thingX'}
{'cells': [4, 4, 3, 4, 2, 3, 'The Flash'], 'id': 139671039038912}
{'cells': [3, 3, 2, 1, 5, 2, 'Attack on Titan'], 'id': 139671039041280}
{'cells': [3, 4, 3, 2, 2, 3, 'You'], 'id': 139671039041024}
{'cells': [4, 4, 5, 5, 2, 5, 'MasterChef'], 'id': 139671039041408}
{'cells': [5, 5, 3, 5, 1, 5, 'The Bachelor'], 'id': 139671039041472}
{'cells': [3, 4, 4, 5, 3, 2, 'Love is Blind'], 'id': 139671039041536}
✅ pass: reprows
62
|..43
|..|..You
|..|..57
|..|..|..Attack on Titan
|..|..|..Love is Blind
|..42
|..|..The Bachelor
|..|..40
|..|..|..The Flash
|..|..|..MasterChef
✅ pass: prototypes

A The Flash
B Attack on Titan
C You
D MasterChef
E The Bachelor
F Love is Blind

[' ', ' ', ' ', ' ', ' ', ' ', ' ', ' ', ' ', ' ', ' ', ' ', ' ', ' ', ' ', ' ', ' ', ' ', ' ', ' ', ' ']
[' ', 'C', ' ', ' ', ' ', ' ', ' ', ' ', ' ', ' ', ' ', ' ', ' ', 'E', ' ', ' ', ' ', ' ', ' ', ' ', ' ']
[' ', ' ', ' ', ' ', ' ', ' ', ' ', ' ', ' ', ' ', ' ', ' ', ' ', ' ', ' ', ' ', ' ', ' ', ' ', ' ', ' ']
[' ', ' ', ' ', ' ', ' ', ' ', ' ', ' ', ' ', ' ', ' ', ' ', ' ', ' ', ' ', ' ', ' ', ' ', ' ', ' ', ' ']
[' ', ' ', ' ', ' ', ' ', 'A', ' ', ' ', ' ', ' ', ' ', ' ', ' ', ' ', ' ', ' ', ' ', ' ', ' ', ' ', ' ']
[' ', ' ', ' ', ' ', ' ', ' ', ' ', ' ', ' ', ' ', ' ', ' ', ' ', ' ', ' ', ' ', ' ', ' ', ' ', ' ', ' ']
[' ', ' ', ' ', ' ', ' ', ' ', ' ', ' ', ' ', ' ', ' ', ' ', ' ', ' ', ' ', ' ', ' ', ' ', ' ', ' ', ' ']
[' ', ' ', ' ', ' ', ' ', ' ', ' ', ' ', ' ', 'D', ' ', ' ', ' ', ' ', ' ', ' ', ' ', ' ', ' ', ' ', ' ']
[' ', ' ', 'F', ' ', ' ', ' ', ' ', ' ', ' ', ' ', ' ', ' ', ' ', ' ', ' ', ' ', ' ', ' ', ' ', ' ', ' ']
✅ pass: position
92
|..42
|..|..The Bachelor
|..|..40
|..|..|..The Flash
|..|..|..MasterChef
|..57
|..|..Attack on Titan
|..|..38
|..|..|..Love is Blind
|..|..|..You
80
|..50
|..|..Short Episode:Long Episode
|..|..42
|..|..|..Dark:Happy
|..|..|..Mini Series:Long Running
|..73
|..|..Short time between seasons:Long time between seasons
|..|..34
|..|..|..Low Budget:High Budget
|..|..|..Fake:Real

A The Flash
B Attack on Titan
C You
D MasterChef
E The Bachelor
F Love is Blind

[' ', ' ', ' ', ' ', ' ', ' ', ' ', ' ', ' ', ' ', ' ', ' ', ' ', ' ', ' ', ' ', ' ', ' ', ' ', ' ', ' ']
[' ', 'E', ' ', ' ', ' ', ' ', ' ', ' ', ' ', ' ', ' ', ' ', ' ', ' ', ' ', ' ', ' ', ' ', ' ', 'B', ' ']
[' ', ' ', ' ', ' ', ' ', ' ', ' ', ' ', ' ', ' ', ' ', ' ', ' ', ' ', ' ', ' ', ' ', ' ', ' ', ' ', ' ']
[' ', ' ', ' ', ' ', ' ', ' ', ' ', ' ', ' ', ' ', ' ', ' ', ' ', ' ', ' ', ' ', ' ', ' ', ' ', ' ', ' ']
[' ', ' ', ' ', ' ', ' ', ' ', ' ', ' ', 'A', ' ', ' ', ' ', ' ', ' ', ' ', ' ', ' ', ' ', ' ', ' ', ' ']
[' ', ' ', ' ', ' ', ' ', ' ', ' ', ' ', ' ', ' ', ' ', ' ', 'C', ' ', ' ', ' ', ' ', ' ', ' ', ' ', ' ']
[' ', ' ', ' ', ' ', ' ', ' ', ' ', ' ', ' ', ' ', ' ', ' ', ' ', ' ', ' ', ' ', ' ', ' ', ' ', ' ', ' ']
[' ', ' ', ' ', ' ', ' ', ' ', ' ', ' ', ' ', ' ', ' ', ' ', ' ', ' ', ' ', ' ', ' ', ' ', ' ', ' ', ' ']
[' ', ' ', ' ', ' ', 'D', ' ', ' ', ' ', ' ', ' ', ' ', ' ', ' ', ' ', ' ', ' ', ' ', ' ', ' ', ' ', ' ']
✅ pass: every
