{'dump': False, 'file': '../../etc/data/my_repgrid4.csv', 'go': 'all', 'help': False, 'p': 2.0, 'seed': 937162211.0}
✅ pass: the
b4 {'a': 1, 'b': {'c': 2, 'd': 3}}
after {'a': 1, 'b': {'c': 2, 'd': 10000}}
✅ pass: copy
✅ pass: sym
✅ pass: num
{'at': 0, 'hi': 5, 'id': 140214560353280, 'lo': 1, 'm2': 12.833333333333332, 'mu': 3.8333333333333335, 'n': 6, 'txt': 'Num1', 'w': 1}
{'at': 1, 'hi': 5, 'id': 140214560353728, 'lo': 1, 'm2': 14.833333333333336, 'mu': 2.8333333333333335, 'n': 6, 'txt': 'Num2', 'w': 1}
{'at': 2, 'hi': 5, 'id': 140214560354176, 'lo': 3, 'm2': 3.5, 'mu': 3.5, 'n': 6, 'txt': 'Num3', 'w': 1}
{'at': 3, 'hi': 5, 'id': 140214560353088, 'lo': 2, 'm2': 6.833333333333334, 'mu': 3.166666666666667, 'n': 6, 'txt': 'Num4', 'w': 1}
{'at': 4, 'hi': 5, 'id': 140214560354816, 'lo': 1, 'm2': 12.833333333333336, 'mu': 3.1666666666666665, 'n': 6, 'txt': 'Num5', 'w': 1}
{'at': 5, 'hi': 5, 'id': 140214560441920, 'lo': 1, 'm2': 10.833333333333334, 'mu': 2.833333333333333, 'n': 6, 'txt': 'Num6', 'w': 1}
{'at': 6, 'hi': 3, 'id': 140214560442304, 'lo': 1, 'm2': 2.0, 'mu': 2.0, 'n': 6, 'txt': 'Num7', 'w': 1}
{'at': 7, 'hi': 5, 'id': 140214560352192, 'lo': 1, 'm2': 8.833333333333334, 'mu': 2.833333333333333, 'n': 6, 'txt': 'Num8', 'w': 1}
{'at': 8, 'hi': 5, 'id': 140214560347456, 'lo': 1, 'm2': 11.333333333333332, 'mu': 3.3333333333333335, 'n': 6, 'txt': 'Num9', 'w': 1}
{'at': 9, 'has': {}, 'id': 140214561220096, 'mode': None, 'most': 0, 'n': 0, 'txt': 'thingX'}
{'cells': [1, 2, 3, 5, 2, 5, 2, 5, 1, 'No comedy:Comedy'], 'id': 140214560350144}
{'cells': [5, 4, 4, 2, 3, 1, 2, 1, 4, 'Easy to watch:Full of suspense'], 'id': 140214560350848}
{'cells': [3, 1, 3, 4, 5, 4, 2, 3, 2, 'Fake:Real'], 'id': 140214560351168}
{'cells': [4, 5, 3, 3, 1, 2, 3, 3, 4, 'Not novel:Novel plot'], 'id': 140214560441344}
{'cells': [5, 4, 3, 2, 3, 2, 2, 2, 4, 'Family friendly:Violent'], 'id': 140214560442176}
{'cells': [5, 1, 5, 3, 5, 3, 1, 3, 5, 'No connection:Connection to prev seasons'], 'id': 140214560442240}
✅ pass: repcols
68
|..60
|..|..Not novel:Novel plot
|..|..67
|..|..|..No comedy:Comedy
|..|..|..Family friendly:Violent
|..50
|..|..No connection:Connection to prev seasons
|..|..56
|..|..|..Fake:Real
|..|..|..Easy to watch:Full of suspense
✅ pass: synonymns
{'at': 0, 'hi': 5, 'id': 140214560449472, 'lo': 1, 'm2': 22.88888888888889, 'mu': 2.888888888888889, 'n': 9, 'txt': 'No comedy:Comedy', 'w': 1}
{'at': 1, 'hi': 5, 'id': 140214560449344, 'lo': 1, 'm2': 16.888888888888893, 'mu': 2.8888888888888893, 'n': 9, 'txt': 'Easy to watch:Full of suspense', 'w': 1}
{'at': 2, 'hi': 5, 'id': 140214560449280, 'lo': 1, 'm2': 12.0, 'mu': 3.0, 'n': 9, 'txt': 'Fake:Real', 'w': 1}
{'at': 3, 'hi': 5, 'id': 140214560449600, 'lo': 1, 'm2': 10.88888888888889, 'mu': 3.111111111111111, 'n': 9, 'txt': 'Not novel:Novel plot', 'w': 1}
{'at': 4, 'hi': 5, 'id': 140214560447296, 'lo': 2, 'm2': 10.0, 'mu': 3.0, 'n': 9, 'txt': 'Family friendly:Violent', 'w': 1}
{'at': 5, 'hi': 5, 'id': 140214560447680, 'lo': 1, 'm2': 22.222222222222225, 'mu': 3.4444444444444446, 'n': 9, 'txt': 'No connection:Connection to prev seasons', 'w': 1}
{'at': 6, 'has': {}, 'id': 140214560447616, 'mode': None, 'most': 0, 'n': 0, 'txt': 'thingX'}
{'cells': [1, 5, 3, 4, 5, 5, 'Breaking Bad'], 'id': 140214560447360}
{'cells': [2, 4, 1, 5, 4, 1, 'Black Mirror'], 'id': 140214560447872}
{'cells': [3, 4, 3, 3, 3, 5, 'Better Call Saul'], 'id': 140214560447808}
{'cells': [5, 2, 4, 3, 2, 3, 'Brooklyn 99'], 'id': 140214560447936}
{'cells': [2, 3, 5, 1, 3, 5, 'The Crown'], 'id': 140214560448000}
{'cells': [5, 1, 4, 2, 2, 3, 'Friends'], 'id': 140214560448192}
{'cells': [2, 2, 2, 3, 2, 1, 'The Bachelor'], 'id': 140214560448256}
{'cells': [5, 1, 3, 3, 2, 3, 'The Office'], 'id': 140214560448320}
{'cells': [1, 4, 2, 4, 4, 5, 'You'], 'id': 140214560448384}
✅ pass: reprows
70
|..42
|..|..14
|..|..|..Brooklyn 99
|..|..|..Friends
|..|..40
|..|..|..The Bachelor
|..|..|..The Office
|..51
|..|..51
|..|..|..Breaking Bad
|..|..|..Black Mirror
|..|..48
|..|..|..The Crown
|..|..|..28
|..|..|..|..You
|..|..|..|..Better Call Saul
✅ pass: prototypes

A Breaking Bad
B Black Mirror
C Better Call Saul
D Brooklyn 99
E The Crown
F Friends
G The Bachelor
H The Office
I You

[' ', ' ', ' ', ' ', ' ', ' ', ' ', ' ', ' ', ' ', ' ', ' ', ' ', ' ', ' ', ' ', ' ', ' ', ' ', ' ', ' ']
[' ', 'D', ' ', ' ', ' ', ' ', ' ', ' ', ' ', ' ', ' ', ' ', ' ', ' ', 'A', ' ', ' ', ' ', ' ', ' ', ' ']
[' ', ' ', ' ', ' ', ' ', ' ', ' ', ' ', ' ', ' ', ' ', ' ', ' ', ' ', ' ', ' ', ' ', ' ', ' ', ' ', ' ']
[' ', 'H', ' ', ' ', ' ', ' ', ' ', ' ', ' ', ' ', ' ', ' ', ' ', ' ', ' ', ' ', ' ', ' ', ' ', ' ', ' ']
[' ', ' ', ' ', ' ', ' ', ' ', ' ', ' ', 'C', ' ', ' ', ' ', 'I', ' ', ' ', ' ', ' ', ' ', ' ', ' ', ' ']
[' ', ' ', ' ', ' ', ' ', ' ', ' ', ' ', ' ', ' ', ' ', ' ', ' ', ' ', ' ', ' ', ' ', ' ', ' ', ' ', ' ']
[' ', ' ', ' ', ' ', ' ', ' ', ' ', ' ', ' ', ' ', ' ', ' ', ' ', ' ', ' ', ' ', ' ', ' ', ' ', ' ', ' ']
[' ', ' ', ' ', ' ', ' ', ' ', ' ', 'E', ' ', ' ', ' ', ' ', ' ', ' ', ' ', ' ', ' ', ' ', ' ', ' ', ' ']
[' ', ' ', ' ', 'G', ' ', ' ', ' ', ' ', ' ', ' ', ' ', ' ', ' ', ' ', ' ', ' ', ' ', ' ', ' ', ' ', ' ']
✅ pass: position
68
|..44
|..|..40
|..|..|..The Bachelor
|..|..|..The Office
|..|..14
|..|..|..Friends
|..|..|..Brooklyn 99
|..51
|..|..51
|..|..|..Breaking Bad
|..|..|..Black Mirror
|..|..48
|..|..|..The Crown
|..|..|..28
|..|..|..|..You
|..|..|..|..Better Call Saul
75
|..47
|..|..Easy to watch:Full of suspense
|..|..51
|..|..|..No connection:Connection to prev seasons
|..|..|..Family friendly:Violent
|..60
|..|..No comedy:Comedy
|..|..57
|..|..|..Not novel:Novel plot
|..|..|..Fake:Real

A Breaking Bad
B Black Mirror
C Better Call Saul
D Brooklyn 99
E The Crown
F Friends
G The Bachelor
H The Office
I You

[' ', ' ', ' ', ' ', ' ', ' ', ' ', ' ', ' ', ' ', ' ', ' ', ' ', ' ', ' ', ' ', ' ', ' ', ' ', ' ', ' ']
[' ', 'G', ' ', ' ', ' ', ' ', ' ', ' ', ' ', ' ', ' ', ' ', ' ', ' ', 'A', ' ', ' ', ' ', ' ', ' ', ' ']
[' ', ' ', ' ', ' ', ' ', ' ', ' ', ' ', ' ', ' ', ' ', ' ', ' ', ' ', ' ', ' ', ' ', ' ', ' ', ' ', ' ']
[' ', ' ', ' ', ' ', ' ', ' ', ' ', ' ', ' ', ' ', ' ', 'I', ' ', ' ', ' ', ' ', ' ', ' ', ' ', ' ', ' ']
[' ', ' ', ' ', ' ', ' ', ' ', ' ', ' ', ' ', ' ', ' ', ' ', ' ', ' ', ' ', ' ', ' ', ' ', ' ', ' ', ' ']
[' ', ' ', ' ', ' ', ' ', ' ', ' ', ' ', ' ', ' ', ' ', ' ', ' ', ' ', ' ', ' ', ' ', ' ', ' ', ' ', ' ']
[' ', ' ', ' ', ' ', ' ', ' ', ' ', ' ', ' ', 'C', ' ', ' ', ' ', ' ', ' ', ' ', ' ', ' ', ' ', ' ', ' ']
[' ', ' ', ' ', ' ', ' ', ' ', 'B', ' ', ' ', ' ', ' ', ' ', ' ', ' ', ' ', ' ', ' ', ' ', ' ', ' ', ' ']
[' ', 'H', ' ', ' ', ' ', ' ', ' ', ' ', ' ', ' ', ' ', ' ', ' ', ' ', ' ', ' ', ' ', ' ', ' ', ' ', ' ']
✅ pass: every
