{'dump': False, 'file': '../../etc/data/my_repgrid1.csv', 'go': 'all', 'help': False, 'p': 2.0, 'seed': 937162211.0}
✅ pass: the
b4 {'a': 1, 'b': {'c': 2, 'd': 3}}
after {'a': 1, 'b': {'c': 2, 'd': 10000}}
✅ pass: copy
✅ pass: sym
✅ pass: num
{'at': 0, 'hi': 5, 'id': 140106565567616, 'lo': 1, 'm2': 13.5, 'mu': 1.75, 'n': 8, 'txt': 'Num1', 'w': 1}
{'at': 1, 'hi': 5, 'id': 140106565568064, 'lo': 1, 'm2': 17.875, 'mu': 2.375, 'n': 8, 'txt': 'Num2', 'w': 1}
{'at': 2, 'hi': 3, 'id': 140106565568512, 'lo': 1, 'm2': 6.000000000000001, 'mu': 1.5, 'n': 8, 'txt': 'Num3', 'w': 1}
{'at': 3, 'hi': 5, 'id': 140106565567424, 'lo': 1, 'm2': 18.875, 'mu': 2.125, 'n': 8, 'txt': 'Num4', 'w': 1}
{'at': 4, 'hi': 5, 'id': 140106565569152, 'lo': 1, 'm2': 14.874999999999998, 'mu': 1.8749999999999998, 'n': 8, 'txt': 'Num5', 'w': 1}
{'at': 5, 'hi': 5, 'id': 140106565574272, 'lo': 1, 'm2': 32.0, 'mu': 3.0, 'n': 8, 'txt': 'Num6', 'w': 1}
{'at': 6, 'hi': 5, 'id': 140106565574656, 'lo': 1, 'm2': 20.000000000000004, 'mu': 3.5, 'n': 8, 'txt': 'Num7', 'w': 1}
{'at': 7, 'hi': 5, 'id': 140106565566528, 'lo': 2, 'm2': 10.874999999999998, 'mu': 4.125, 'n': 8, 'txt': 'Num8', 'w': 1}
{'at': 8, 'hi': 5, 'id': 140106565528896, 'lo': 1, 'm2': 16.0, 'mu': 2.5, 'n': 8, 'txt': 'Num9', 'w': 1}
{'at': 9, 'hi': 5, 'id': 140106566542848, 'lo': 1, 'm2': 15.875, 'mu': 2.375, 'n': 8, 'txt': 'Num10', 'w': 1}
{'at': 10, 'has': {}, 'id': 140106565531264, 'mode': None, 'most': 0, 'n': 0, 'txt': 'thingX'}
{'cells': [5, 3, 3, 1, 1, 1, 1, 3, 5, 5, 'DevelopmentTool:Application'], 'id': 140106565532224}
{'cells': [2, 1, 1, 5, 5, 5, 5, 5, 1, 2, 'Multimedia:Programming'], 'id': 140106565532544}
{'cells': [1, 3, 1, 3, 2, 5, 4, 3, 1, 1, 'CommunicationTechnology:ApplicationTechnology'], 'id': 140106565574016}
{'cells': [2, 1, 1, 1, 3, 5, 3, 2, 2, 2, 'HumanOrientedTool:SystemTool'], 'id': 140106565574528}
{'cells': [1, 5, 3, 4, 1, 1, 4, 5, 4, 4, 'ConventionalCommunication:NovelCommunication'], 'id': 140106565574464}
{'cells': [1, 4, 1, 1, 1, 1, 1, 5, 3, 1, 'OnlyActAsProgrammed:Semi-autonomous'], 'id': 140106565574784}
{'cells': [1, 1, 1, 1, 1, 1, 5, 5, 1, 1, 'ConventionalSystem:IntelligentSystem'], 'id': 140106565574848}
{'cells': [1, 1, 1, 1, 1, 5, 5, 5, 3, 3, 'TargetedOnInterface:TargetedOnOverallSystem'], 'id': 140106565574912}
✅ pass: repcols
74
|..61
|..|..54
|..|..|..ConventionalCommunication:NovelCommunication
|..|..|..DevelopmentTool:Application
|..|..43
|..|..|..ConventionalSystem:IntelligentSystem
|..|..|..OnlyActAsProgrammed:Semi-autonomous
|..51
|..|..30
|..|..|..HumanOrientedTool:SystemTool
|..|..|..CommunicationTechnology:ApplicationTechnology
|..|..49
|..|..|..Multimedia:Programming
|..|..|..TargetedOnInterface:TargetedOnOverallSystem
✅ pass: synonymns
{'at': 0, 'hi': 5, 'id': 140106565580480, 'lo': 1, 'm2': 27.6, 'mu': 2.8, 'n': 10, 'txt': 'DevelopmentTool:Application', 'w': 1}
{'at': 1, 'hi': 5, 'id': 140106565580416, 'lo': 1, 'm2': 33.6, 'mu': 3.2, 'n': 10, 'txt': 'Multimedia:Programming', 'w': 1}
{'at': 2, 'hi': 5, 'id': 140106565580544, 'lo': 1, 'm2': 18.4, 'mu': 2.4, 'n': 10, 'txt': 'CommunicationTechnology:ApplicationTechnology', 'w': 1}
{'at': 3, 'hi': 5, 'id': 140106565580160, 'lo': 1, 'm2': 13.599999999999998, 'mu': 2.2000000000000006, 'n': 10, 'txt': 'HumanOrientedTool:SystemTool', 'w': 1}
{'at': 4, 'hi': 5, 'id': 140106565580672, 'lo': 1, 'm2': 23.6, 'mu': 3.2, 'n': 10, 'txt': 'ConventionalCommunication:NovelCommunication', 'w': 1}
{'at': 5, 'hi': 5, 'id': 140106565580608, 'lo': 1, 'm2': 20.9, 'mu': 1.9, 'n': 10, 'txt': 'OnlyActAsProgrammed:Semi-autonomous', 'w': 1}
{'at': 6, 'hi': 5, 'id': 140106565580800, 'lo': 1, 'm2': 25.6, 'mu': 1.8, 'n': 10, 'txt': 'ConventionalSystem:IntelligentSystem', 'w': 1}
{'at': 7, 'hi': 5, 'id': 140106565580992, 'lo': 1, 'm2': 30.4, 'mu': 2.5999999999999996, 'n': 10, 'txt': 'TargetedOnInterface:TargetedOnOverallSystem', 'w': 1}
{'at': 8, 'has': {}, 'id': 140106565580736, 'mode': None, 'most': 0, 'n': 0, 'txt': 'thingX'}
{'cells': [5, 2, 1, 2, 1, 1, 1, 1, 'ElectronicPublishing'], 'id': 140106565581056}
{'cells': [3, 1, 3, 1, 5, 4, 1, 1, 'VirtualReality'], 'id': 140106565581184}
{'cells': [3, 1, 1, 1, 3, 1, 1, 1, 'MultimediaAndHypermedia'], 'id': 140106565580928}
{'cells': [1, 5, 3, 1, 4, 1, 1, 1, 'VisualProgramming'], 'id': 140106565580864}
{'cells': [1, 5, 2, 3, 1, 1, 1, 1, 'CrossPlatformGUIs'], 'id': 140106565581248}
{'cells': [1, 5, 5, 5, 1, 1, 1, 5, 'ObjectOrientedSystems'], 'id': 140106565579200}
{'cells': [1, 5, 4, 3, 4, 1, 5, 5, 'KnowledgeBasedSystems'], 'id': 140106565578816}
{'cells': [3, 5, 3, 2, 5, 5, 5, 5, 'IntelligentAgents'], 'id': 140106565578880}
{'cells': [5, 1, 1, 2, 4, 3, 1, 3, 'InformationHighway'], 'id': 140106565579136}
{'cells': [5, 2, 1, 2, 4, 1, 1, 3, 'BroadbandNetworks'], 'id': 140106565579264}
✅ pass: reprows
65
|..55
|..|..33
|..|..|..VisualProgramming
|..|..|..CrossPlatformGUIs
|..|..52
|..|..|..ElectronicPublishing
|..|..|..36
|..|..|..|..VirtualReality
|..|..|..|..MultimediaAndHypermedia
|..71
|..|..62
|..|..|..IntelligentAgents
|..|..|..InformationHighway
|..|..70
|..|..|..ObjectOrientedSystems
|..|..|..66
|..|..|..|..BroadbandNetworks
|..|..|..|..KnowledgeBasedSystems
✅ pass: prototypes

A ElectronicPublishing
B VirtualReality
C MultimediaAndHypermedia
D VisualProgramming
E CrossPlatformGUIs
F ObjectOrientedSystems
G KnowledgeBasedSystems
H IntelligentAgents
I InformationHighway
J BroadbandNetworks

[' ', ' ', ' ', ' ', ' ', ' ', ' ', ' ', ' ', ' ', ' ', ' ', ' ', ' ', ' ', ' ', ' ', ' ', ' ', ' ', ' ']
[' ', 'E', ' ', ' ', ' ', ' ', ' ', ' ', ' ', ' ', ' ', ' ', ' ', ' ', ' ', 'H', ' ', ' ', ' ', ' ', ' ']
[' ', ' ', ' ', ' ', ' ', ' ', ' ', ' ', ' ', ' ', ' ', ' ', ' ', ' ', ' ', ' ', ' ', ' ', ' ', ' ', ' ']
[' ', ' ', ' ', ' ', ' ', ' ', ' ', ' ', ' ', ' ', ' ', ' ', ' ', ' ', ' ', ' ', ' ', ' ', ' ', ' ', ' ']
[' ', ' ', ' ', ' ', ' ', ' ', ' ', ' ', ' ', ' ', ' ', ' ', ' ', ' ', ' ', ' ', ' ', ' ', ' ', ' ', ' ']
[' ', ' ', ' ', ' ', ' ', ' ', ' ', ' ', ' ', ' ', ' ', ' ', ' ', ' ', ' ', ' ', ' ', ' ', ' ', ' ', ' ']
[' ', ' ', ' ', ' ', 'D', ' ', ' ', ' ', ' ', ' ', ' ', ' ', ' ', ' ', ' ', ' ', ' ', ' ', ' ', ' ', ' ']
[' ', ' ', ' ', ' ', ' ', ' ', ' ', ' ', ' ', ' ', 'G', ' ', ' ', ' ', ' ', ' ', ' ', ' ', ' ', ' ', ' ']
[' ', ' ', ' ', ' ', ' ', ' ', ' ', ' ', ' ', ' ', ' ', ' ', ' ', ' ', ' ', ' ', ' ', ' ', ' ', ' ', ' ']
[' ', ' ', ' ', ' ', 'F', ' ', ' ', ' ', ' ', ' ', ' ', ' ', ' ', ' ', ' ', ' ', ' ', ' ', ' ', ' ', ' ']
[' ', ' ', 'A', 'C', ' ', ' ', 'J', ' ', ' ', ' ', ' ', ' ', ' ', ' ', ' ', ' ', ' ', ' ', ' ', ' ', ' ']
✅ pass: position
77
|..59
|..|..42
|..|..|..KnowledgeBasedSystems
|..|..|..IntelligentAgents
|..|..48
|..|..|..VisualProgramming
|..|..|..48
|..|..|..|..ObjectOrientedSystems
|..|..|..|..CrossPlatformGUIs
|..52
|..|..32
|..|..|..ElectronicPublishing
|..|..|..BroadbandNetworks
|..|..36
|..|..|..VirtualReality
|..|..|..33
|..|..|..|..MultimediaAndHypermedia
|..|..|..|..InformationHighway
88
|..56
|..|..41
|..|..|..Multimedia:Programming
|..|..|..CommunicationTechnology:ApplicationTechnology
|..|..39
|..|..|..ConventionalSystem:IntelligentSystem
|..|..|..TargetedOnInterface:TargetedOnOverallSystem
|..67
|..|..54
|..|..|..DevelopmentTool:Application
|..|..|..ConventionalCommunication:NovelCommunication
|..|..57
|..|..|..HumanOrientedTool:SystemTool
|..|..|..OnlyActAsProgrammed:Semi-autonomous

A ElectronicPublishing
B VirtualReality
C MultimediaAndHypermedia
D VisualProgramming
E CrossPlatformGUIs
F ObjectOrientedSystems
G KnowledgeBasedSystems
H IntelligentAgents
I InformationHighway
J BroadbandNetworks

[' ', ' ', ' ', ' ', ' ', ' ', ' ', ' ', ' ', ' ', ' ', ' ', ' ', ' ', ' ', ' ', ' ', ' ', ' ', ' ', ' ']
[' ', 'G', ' ', ' ', ' ', ' ', ' ', ' ', ' ', ' ', ' ', ' ', ' ', ' ', ' ', ' ', 'A', ' ', ' ', ' ', ' ']
[' ', ' ', ' ', ' ', ' ', ' ', ' ', ' ', ' ', ' ', ' ', ' ', ' ', ' ', ' ', ' ', ' ', ' ', ' ', ' ', ' ']
[' ', ' ', ' ', ' ', ' ', ' ', ' ', ' ', ' ', ' ', ' ', ' ', ' ', ' ', ' ', ' ', ' ', ' ', ' ', ' ', ' ']
[' ', ' ', ' ', ' ', ' ', ' ', ' ', ' ', ' ', ' ', ' ', ' ', ' ', ' ', ' ', ' ', ' ', ' ', ' ', ' ', ' ']
[' ', ' ', ' ', ' ', ' ', ' ', ' ', ' ', ' ', ' ', ' ', ' ', ' ', ' ', ' ', ' ', ' ', ' ', ' ', ' ', ' ']
[' ', ' ', ' ', ' ', ' ', ' ', ' ', ' ', ' ', ' ', ' ', ' ', 'J', ' ', 'C', ' ', ' ', ' ', ' ', ' ', ' ']
[' ', ' ', ' ', ' ', ' ', ' ', ' ', ' ', ' ', ' ', ' ', ' ', ' ', 'I', ' ', ' ', ' ', ' ', ' ', ' ', ' ']
[' ', ' ', ' ', ' ', ' ', ' ', ' ', ' ', 'D', ' ', 'E', ' ', ' ', ' ', ' ', ' ', ' ', ' ', ' ', ' ', ' ']
[' ', ' ', 'H', ' ', ' ', 'F', ' ', ' ', ' ', ' ', ' ', ' ', ' ', ' ', ' ', ' ', ' ', ' ', ' ', ' ', ' ']
✅ pass: every
