{:rest 4.0 :go all :Reuse True :min 0.5 :p 2.0 :Far 0.95 :file ../../etc/data/auto93.csv :cliffs 0.147 :seed 937162211.0 :Halves 512.0 :help False :Max 512.0 :bins 16.0}
✅ pass: the
✅ pass: rand
✅ pass: some
1 0.45 -0.07
2 0.04 0.08
❌ fail: num
a 1.38
✅ pass: sym
✅ pass: csv
3.0 8.0 4.0 -1.5503875968992247
({'Lbs-': 2506.0, 'Acc+': 14.5, 'Mpg+': 20.0, 'N': 398}, [2506.0, 14.5, 20.0])
✅ pass: data
({'Lbs-': 2506.0, 'Acc+': 14.5, 'Mpg+': 20.0, 'N': 398}, [2506.0, 14.5, 20.0])
({'Lbs-': 2506.0, 'Acc+': 14.5, 'Mpg+': 20.0, 'N': 398}, [2506.0, 14.5, 20.0])
✅ pass: clone
> 1.0 False
> 1.02 False
> 1.05 False
> 1.08 False
> 1.1 False
> 1.13 False
> 1.16 True
✅ pass: cliffs
{:hi 0.9022161422721422 :lo 0.0 :mid 0.72 :div 0.25}
✅ pass: dist
200 198
l ({'Lbs-': 2795.0, 'Acc+': 15.7, 'Mpg+': 20.0, 'N': 200}, [2795.0, 15.7, 20.0])
r ({'Lbs-': 2648.0, 'Acc+': 15.0, 'Mpg+': 20.0, 'N': 198}, [2648.0, 15.0, 20.0])
✅ pass: half
 398({'Lbs-': 2506.0, 'Acc+': 14.5, 'Mpg+': 20.0, 'N': 398}, [2506.0, 14.5, 20.0])
|.. 200
|..|.. 101
|..|..|.. 51
|..|..|..|.. 26({'Lbs-': 2511.0, 'Acc+': 18.0, 'Mpg+': 20.0, 'N': 26}, [2511.0, 18.0, 20.0])
|..|..|..|.. 25({'Lbs-': 3150.0, 'Acc+': 15.7, 'Mpg+': 20.0, 'N': 25}, [3150.0, 15.7, 20.0])
|..|..|.. 50
|..|..|..|.. 26({'Lbs-': 2279.0, 'Acc+': 19.0, 'Mpg+': 20.0, 'N': 26}, [2279.0, 19.0, 20.0])
|..|..|..|.. 24({'Lbs-': 2085.0, 'Acc+': 21.7, 'Mpg+': 40.0, 'N': 24}, [2085.0, 21.7, 40.0])
|..|.. 99
|..|..|.. 50
|..|..|..|.. 26({'Lbs-': 2385.0, 'Acc+': 12.9, 'Mpg+': 30.0, 'N': 26}, [2385.0, 12.9, 30.0])
|..|..|..|.. 24({'Lbs-': 2542.0, 'Acc+': 17.0, 'Mpg+': 30.0, 'N': 24}, [2542.0, 17.0, 30.0])
|..|..|.. 49
|..|..|..|.. 25({'Lbs-': 2560.0, 'Acc+': 14.2, 'Mpg+': 30.0, 'N': 25}, [2560.0, 14.2, 30.0])
|..|..|..|.. 24({'Lbs-': 1970.0, 'Acc+': 17.6, 'Mpg+': 30.0, 'N': 24}, [1970.0, 17.6, 30.0])
|.. 198
|..|.. 100
|..|..|.. 51
|..|..|..|.. 26({'Lbs-': 4951.0, 'Acc+': 11.0, 'Mpg+': 10.0, 'N': 26}, [4951.0, 11.0, 10.0])
|..|..|..|.. 25({'Lbs-': 4335.0, 'Acc+': 14.5, 'Mpg+': 20.0, 'N': 25}, [4335.0, 14.5, 20.0])
|..|..|.. 49
|..|..|..|.. 25({'Lbs-': 4382.0, 'Acc+': 13.5, 'Mpg+': 10.0, 'N': 25}, [4382.0, 13.5, 10.0])
|..|..|..|.. 24({'Lbs-': 3399.0, 'Acc+': 11.0, 'Mpg+': 20.0, 'N': 24}, [3399.0, 11.0, 20.0])
|..|.. 98
|..|..|.. 50
|..|..|..|.. 26({'Lbs-': 3003.0, 'Acc+': 20.1, 'Mpg+': 20.0, 'N': 26}, [3003.0, 20.1, 20.0])
|..|..|..|.. 24({'Lbs-': 3620.0, 'Acc+': 18.7, 'Mpg+': 20.0, 'N': 24}, [3620.0, 18.7, 20.0])
|..|..|.. 48
|..|..|..|.. 25({'Lbs-': 3574.0, 'Acc+': 21.0, 'Mpg+': 20.0, 'N': 25}, [3574.0, 21.0, 20.0])
|..|..|..|.. 23({'Lbs-': 3278.0, 'Acc+': 18.0, 'Mpg+': 20.0, 'N': 23}, [3278.0, 18.0, 20.0])
✅ pass: tree

all  ({'Lbs-': 2506.0, 'Acc+': 14.5, 'Mpg+': 20.0, 'N': 398}, [2506.0, 14.5, 20.0])
     ({'Lbs-': -817.44, 'Acc+': 1.05, 'Mpg+': 7.75, 'N': 398}, [2506.0, 14.5, 20.0])

best ({'Lbs-': 2145.0, 'Acc+': 18.0, 'Mpg+': 30.0, 'N': 14}, [2145.0, 18.0, 30.0])
     ({'Lbs-': 89.15, 'Acc+': 0.97, 'Mpg+': -3.88, 'N': 14}, [2145.0, 18.0, 30.0])

rest ({'Lbs-': 2640.0, 'Acc+': 18.6, 'Mpg+': 30.0, 'N': 56}, [2640.0, 18.6, 30.0])
     ({'Lbs-': 313.18, 'Acc+': -0.08, 'Mpg+': -7.75, 'N': 56}, [2640.0, 18.6, 30.0])

all ~= best? {:Lbs- True :Mpg+ True :Acc+ True}
best ~= rest? {:Lbs- True :Mpg+ True :Acc+ True}
✅ pass: sway
all    {:best 13 :rest 52}

Clndrs -inf 4.0 0.61 {:best 13 :rest 33}
Clndrs 4.0 inf 0.0 {:rest 19}

Volume -inf 90.0 0.02 {:rest 10 :best 1}
Volume 90.0 112.0 0.34 {:rest 17 :best 7}
Volume 112.0 141.0 0.15 {:rest 6 :best 3}
Volume 141.0 156.0 0.14 {:best 2 :rest 1}
Volume 156.0 inf 0.0 {:rest 18}

Model -inf 75.0 0.0 {:rest 19}
Model 75.0 77.0 0.33 {:rest 10 :best 6}
Model 77.0 78.0 0.38 {:rest 5 :best 6}
Model 78.0 79.0 0.04 {:best 1 :rest 3}
Model 79.0 inf 0.0 {:rest 15}

origin 1.0 1.0 0.68 {:best 13 :rest 25}
origin 2.0 2.0 0.0 {:rest 13}
origin 3.0 3.0 0.0 {:rest 14}
✅ pass: bins
