{:bins 16.0 :p 2.0 :rest 4.0 :file ../../etc/data/auto93.csv :d 0.35 :Reuse True :help False :seed 937162211.0 :Halves 512.0 :Max 512.0 :go all :cliffs 0.147 :Far 0.95 :min 0.5}
✅ pass: the
✅ pass: rand
✅ pass: some
1 0.45 -0.07
2 0.04 0.08
❌ fail: num
a 1.38
✅ pass: sym
✅ pass: csv
3.0 8.0 4.0 -1.5503875968992247
({'Lbs-': 2506.0, 'Acc+': 14.5, 'Mpg+': 20.0, 'N': 398}, [2506.0, 14.5, 20.0])
✅ pass: data
({'Lbs-': 2506.0, 'Acc+': 14.5, 'Mpg+': 20.0, 'N': 398}, [2506.0, 14.5, 20.0])
({'Lbs-': 2506.0, 'Acc+': 14.5, 'Mpg+': 20.0, 'N': 398}, [2506.0, 14.5, 20.0])
✅ pass: clone
> 1.0 False
> 1.02 False
> 1.05 False
> 1.08 False
> 1.1 False
> 1.13 False
> 1.16 False
> 1.19 False
> 1.22 True
✅ pass: cliffs
{:div 0.25 :lo 0.0 :hi 0.9022161422721422 :mid 0.72}
✅ pass: dist
200 198
l ({'Lbs-': 3900.0, 'Acc+': 17.4, 'Mpg+': 20.0, 'N': 200}, [3900.0, 17.4, 20.0])
r ({'Lbs-': 1834.0, 'Acc+': 19.0, 'Mpg+': 30.0, 'N': 198}, [1834.0, 19.0, 30.0])
✅ pass: half
 398({'Lbs-': 2506.0, 'Acc+': 14.5, 'Mpg+': 20.0, 'N': 398}, [2506.0, 14.5, 20.0])
|.. 200
|..|.. 101
|..|..|.. 51
|..|..|..|.. 26({'Lbs-': 2515.0, 'Acc+': 14.8, 'Mpg+': 20.0, 'N': 26}, [2515.0, 14.8, 20.0])
|..|..|..|.. 25({'Lbs-': 1970.0, 'Acc+': 17.6, 'Mpg+': 30.0, 'N': 25}, [1970.0, 17.6, 30.0])
|..|..|.. 50
|..|..|..|.. 26({'Lbs-': 2511.0, 'Acc+': 18.0, 'Mpg+': 20.0, 'N': 26}, [2511.0, 18.0, 20.0])
|..|..|..|.. 24({'Lbs-': 1950.0, 'Acc+': 19.0, 'Mpg+': 30.0, 'N': 24}, [1950.0, 19.0, 30.0])
|..|.. 99
|..|..|.. 50
|..|..|..|.. 26({'Lbs-': 2670.0, 'Acc+': 15.0, 'Mpg+': 30.0, 'N': 26}, [2670.0, 15.0, 30.0])
|..|..|..|.. 24({'Lbs-': 2125.0, 'Acc+': 14.5, 'Mpg+': 30.0, 'N': 24}, [2125.0, 14.5, 30.0])
|..|..|.. 49
|..|..|..|.. 25({'Lbs-': 1825.0, 'Acc+': 12.2, 'Mpg+': 30.0, 'N': 25}, [1825.0, 12.2, 30.0])
|..|..|..|.. 24({'Lbs-': 2085.0, 'Acc+': 21.7, 'Mpg+': 40.0, 'N': 24}, [2085.0, 21.7, 40.0])
|.. 198
|..|.. 100
|..|..|.. 51
|..|..|..|.. 26({'Lbs-': 3735.0, 'Acc+': 13.2, 'Mpg+': 20.0, 'N': 26}, [3735.0, 13.2, 20.0])
|..|..|..|.. 25({'Lbs-': 4668.0, 'Acc+': 11.5, 'Mpg+': 20.0, 'N': 25}, [4668.0, 11.5, 20.0])
|..|..|.. 49
|..|..|..|.. 25({'Lbs-': 4382.0, 'Acc+': 13.5, 'Mpg+': 10.0, 'N': 25}, [4382.0, 13.5, 10.0])
|..|..|..|.. 24({'Lbs-': 4422.0, 'Acc+': 12.5, 'Mpg+': 10.0, 'N': 24}, [4422.0, 12.5, 10.0])
|..|.. 98
|..|..|.. 50
|..|..|..|.. 26({'Lbs-': 2585.0, 'Acc+': 14.5, 'Mpg+': 30.0, 'N': 26}, [2585.0, 14.5, 30.0])
|..|..|..|.. 24({'Lbs-': 3620.0, 'Acc+': 18.7, 'Mpg+': 20.0, 'N': 24}, [3620.0, 18.7, 20.0])
|..|..|.. 48
|..|..|..|.. 25({'Lbs-': 3021.0, 'Acc+': 16.5, 'Mpg+': 20.0, 'N': 25}, [3021.0, 16.5, 20.0])
|..|..|..|.. 23({'Lbs-': 2984.0, 'Acc+': 14.5, 'Mpg+': 20.0, 'N': 23}, [2984.0, 14.5, 20.0])
✅ pass: tree

all  ({'Lbs-': 2506.0, 'Acc+': 14.5, 'Mpg+': 20.0, 'N': 398}, [2506.0, 14.5, 20.0])
     ({'Lbs-': -817.44, 'Acc+': 1.05, 'Mpg+': 7.75, 'N': 398}, [2506.0, 14.5, 20.0])

best ({'Lbs-': 3230.0, 'Acc+': 20.4, 'Mpg+': 30.0, 'N': 11}, [3230.0, 20.4, 30.0])
     ({'Lbs-': -79.46, 'Acc+': 0.35, 'Mpg+': 0.0, 'N': 11}, [3230.0, 20.4, 30.0])

rest ({'Lbs-': 2490.0, 'Acc+': 15.7, 'Mpg+': 30.0, 'N': 44}, [2490.0, 15.7, 30.0])
     ({'Lbs-': -113.57, 'Acc+': 0.66, 'Mpg+': 3.88, 'N': 44}, [2490.0, 15.7, 30.0])

all ~= best? {:Mpg+ True :Lbs- True :Acc+ True}
best ~= rest? {:Mpg+ True :Lbs- True :Acc+ True}
✅ pass: sway
all    {:best 14 :rest 56}

Clndrs -inf 3.0 0.0 {:rest 1}
Clndrs 3.0 4.0 0.66 {:best 14 :rest 29}
Clndrs 4.0 inf 0.0 {:rest 26}

Volume -inf 90.0 0.35 {:best 6 :rest 5}
Volume 90.0 116.0 0.2 {:best 5 :rest 16}
Volume 116.0 140.0 0.15 {:rest 5 :best 3}
Volume 140.0 inf 0.0 {:rest 30}

Model -inf 73.0 0.0 {:rest 19}
Model 73.0 74.0 0.1 {:rest 4 :best 2}
Model 74.0 75.0 0.35 {:best 6 :rest 5}
Model 75.0 77.0 0.32 {:best 6 :rest 8}
Model 77.0 inf 0.0 {:rest 20}

origin 1.0 1.0 0.0 {:rest 39}
origin 2.0 2.0 0.9 {:best 14 :rest 6}
origin 3.0 3.0 0.0 {:rest 11}
✅ pass: bins

Clndrs -inf 4.0
Clndrs 4.0 inf

Volume -inf 90.0
Volume 90.0 113.0
Volume 113.0 140.0
Volume 140.0 inf

Model -inf 79.0
Model 79.0 81.0
Model 81.0 inf

origin 1.0 1.0
origin 2.0 2.0
origin 3.0 3.0

{'Model': [[79.0, 81.0]]}
{'Model': [[79.0, 81.0]], 'Volume': [[113.0, 140.0]]}
{'Model': [[79.0, 81.0]], 'Volume': [[90.0, 140.0]]}
{'Model': [[79.0, 81.0]], 'Volume': [[90.0, 140.0]], 'origin': [1.0]}
{'Model': [[79.0, inf]], 'Volume': [[90.0, 140.0]], 'origin': [1.0]}
{'Model': [[79.0, inf]], 'Volume': [[90.0, 140.0]], 'origin': [1.0], 'Clndrs': [[-inf, 4.0]]}

-----------
explain= {:Model [[79.0, 81.0]]}
all                ({'Lbs-': 2506.0, 'Acc+': 14.5, 'Mpg+': 20.0, 'N': 398}, [2506.0, 14.5, 20.0]) ({'Lbs-': -817.44, 'Acc+': 1.05, 'Mpg+': 7.75, 'N': 398}, [2506.0, 14.5, 20.0])
sway with 6 evals ({'Lbs-': 2720.0, 'Acc+': 19.4, 'Mpg+': 30.0, 'N': 14}, [2720.0, 19.4, 30.0]) ({'Lbs-': 65.89, 'Acc+': -1.2, 'Mpg+': -3.88, 'N': 14}, [2720.0, 19.4, 30.0])
xpln on 6 evals ({'Lbs-': 1845.0, 'Acc+': 15.3, 'Mpg+': 30.0, 'N': 58}, [1845.0, 15.3, 30.0]) ({'Lbs-': -815.89, 'Acc+': 1.67, 'Mpg+': 7.75, 'N': 58}, [1845.0, 15.3, 30.0])
sort with 398 evals ({'Lbs-': 4746.0, 'Acc+': 12.0, 'Mpg+': 10.0, 'N': 14}, [4746.0, 12.0, 10.0]) ({'Lbs-': 15.12, 'Acc+': -0.39, 'Mpg+': 0.0, 'N': 14}, [4746.0, 12.0, 10.0])
✅ pass: xpln
